
Connected
IP: 192.168.1.61

xxxxx.xxxxConnected
IP: 192.168.1.61
404 : NotFound
404 : NotFound
404 : NotFound
200: Root
200: AnyPage
200: Reloader 0
200: Reloader 1
200: Reloader 2
200: Reloader 3
200: Reloader 4
200: Reloader 5
200: Reloader 6
200: Reloader 7
200: Reloader 8
200: Reloader 9
200: Reloader 10
200: Reloader 11
200: Reloader 12
200: Reloader 13
200: Reloader 14
200: Reloader 15
200: Reloader 16
200: Reloader 17
200: Reloader 18
200: Reloader 19
200: Reloader 20
200: Reloader 21
200: Reloader 22
200: Reloader 23
200: Reloader 24
200: Reloader 25
200: Reloader 26
200: Reloader 27
200: Reloader 28
200: Reloader 29
200: Reloader 30
200: Reloader 31
200: Reloader 32
200: Reloader 33
200: Reloader 34
200: Reloader 35
200: Reloader 36
200: Reloader 37
200: Reloader 38
200: Reloader 39
200: Reloader 40
200: Reloader 41
200: Reloader 42
200: Reloader 43
200: Reloader 44
200: Reloader 45
200: Reloader 46
200: Reloader 47
200: Reloader 48
200: Reloader 49
200: Reloader 50
200: Reloader 51

BREAK

BREAK
